Info: GOMC Version 2.50
Info: Start Time: Mon Apr 27 08:54:27 2020
Info: Host Name: comet-33-19.sdsc.edu
CPU information:
Info: Total number of CPUs: 64
Info: Total number of CPUs available: 64
Info: Model name: Intel(R) Xeon(R) Gold 6130 CPU @ 2.10GHz
Info: System name: Linux
Info: Release: 3.10.0-957.12.2.el7.x86_64
Info: Version: #1 SMP Tue May 14 21:24:32 UTC 2019
Info: Kernel Architecture: x86_64
Info: Total Ram: 191834.1MB
Info: Used Ram: 54674.5MB
Info: Working in the current directory: /home/ynejahi/GOMC/example
GPU information:
Info: Device Number: 0
Info: Device name: Tesla V100-SXM2-32GB
Info: Memory Clock Rate (KHz): 877000
Info: Memory Bus Width (bits): 4096
Info: Peak Memory Bandwidth (GB/s): 898.048000
Info: Device Number: 1
Info: Device name: Tesla V100-SXM2-32GB
Info: Memory Clock Rate (KHz): 877000
Info: Memory Bus Width (bits): 4096
Info: Peak Memory Bandwidth (GB/s): 898.048000
Info: Device Number: 2
Info: Device name: Tesla V100-SXM2-32GB
Info: Memory Clock Rate (KHz): 877000
Info: Memory Bus Width (bits): 4096
Info: Peak Memory Bandwidth (GB/s): 898.048000
Info: Device Number: 3
Info: Device name: Tesla V100-SXM2-32GB
Info: Memory Clock Rate (KHz): 877000
Info: Memory Bus Width (bits): 4096
Info: Peak Memory Bandwidth (GB/s): 898.048000
Info: Using Device Number: 0
Info: GOMC COMPILED TO RUN CANONICAL (NVT) ENSEMBLE.
Info: Number of threads                  1 

Reading Input File:                      in.conf
Info: Restart simulation                 Active 
Info: Constant seed                      Active 
Info: PARAMETER file                     MIE format! 
Info: Input Temperature                  450.0000 K
Warning: Unknown input Pressure!
Info: Non-truncated potential            Active 
Info: Long Range Correction              Active 
Info: Cutoff                             10.0000 A
Info: Exclude                            ONE-FOUR 
Info: Ewald Summation                    Active 
Info: Cache Ewald Fourier                Active 
Info: Ewald Summation Tolerance          1.000E-05 
Info: Pressure calculation               Inactive 
Info: Total number of steps              10 
Info: Number of equilibration steps      2 
Info: Move adjustment frequency          20 
Info: Displacement move frequency        0.0000 
Info: Multi-Particle move frequency      1.0000 
Warning: Unknown input VolFreq!
Info: Output name                        output 
Info: Restart frequency                  10 
Info: Console output frequency           1 
Info: Printing coordinate                Inactive 
Default: Rotation move frequency         0.0000 
Default: Box  0  CutoffCoulomb           10.0000 A
Default: Short Range Cutoff              0.0000 
Finished Reading Input File:             in.conf

Reading from EXOTIC-Style parameter file:  	./water_mie.par
Reading BONDS parameters.
Reading ANGLES parameters.
Reading NONBONDED_MIE parameters.
Finished reading EXOTIC-Style parameter file:  	./water_mie.par
Reading from system PDB coordinate file:  	./SPCE_BOX_0_restart.pdb
Random number seed: 50

Molecules in PSF:
Molecule Kind: SPCE
Idx	name	type	charge	mass
0	H1	HT	0.4238	1.0080
1	OH2	OT	-0.8476	15.9994
2	H2	HT	0.4238	1.0080

Bonds:
[1 0] [1 2] 

Angles:
[0 1 2] 

Dihedrals:

Bonds parameter:
Atom Types                             Kb(K)           b0(A) 
OT	HT	                         FIX           1.0000 

Angles parameter:
Atom Types                         Ktheta(K)         theta0(degree) 
HT	OT	HT	                 FIX         109.5000 

Dihedrals parameter:
Atom Types                           Kchi(K)    n    delta(degree) 

NonBonded 1-4 parameters:
Type1  Type2             Epsilon(K)    Sigma(A)       N 
HT     HT                    0.0000      0.0000    0.00 
HT     OT                    0.0000      0.0000    0.00 
OT     OT                    0.0000      0.0000    0.00 

NonBonded parameters:
Type1  Type2             Epsilon(K)    Sigma(A)       N 
HT     HT                    0.0000      0.0000   12.00 
HT     OT                    0.0000      1.5835   12.00 
OT     OT                   78.2100      3.1670   12.00 

Info: Box  0:  Periodic Cell Basis 1     27.849   0.000   0.000 
Info: Box  0:  Periodic Cell Basis 2      0.000  27.849   0.000 
Info: Box  0:  Periodic Cell Basis 3      0.000   0.000  27.849 

Minimum coordinates in box 0: x =   -0.424, y =   -0.588, z =   -0.193
Maximum coordinates in box 0: x =   28.508, y =   28.321, z =   28.413
Wrapping molecules inside the simulation box 0:
Box: 0, RecipVectors:   2228, kmax: 11

################################################################################
########################## INITIAL SIMULATION ENERGY ###########################

ETITLE:     STEP           TOTAL        INTRA(B)       INTRA(NB)       INTER(LJ)             LRC     TOTAL_ELECT            REAL           RECIP            SELF            CORR

ENER_0:        0     -1.8611e+07      0.0000e+00      0.0000e+00      2.7480e+05      0.0000e+00     -1.8885e+07     -1.7289e+06      6.9305e+04     -1.7226e+07     -1.0127e+02

STITLE:     STEP        TOTALMOL     TOT_DENSITY

STAT_0:        0             500      6.9252e+02

################################################################################
############################# STARTING SIMULATION ##############################

MTITLE:     STEP   MULTIPARTICLE        MPACCEPT       MPACCEPT%

ETITLE:     STEP           TOTAL        INTRA(B)       INTRA(NB)       INTER(LJ)             LRC     TOTAL_ELECT            REAL           RECIP            SELF            CORR

STITLE:     STEP        TOTALMOL     TOT_DENSITY

Printed combined psf to file output_merged.psf

################################################################################
########################## INITIAL SIMULATION ENERGY ###########################

ETITLE:     STEP           TOTAL        INTRA(B)       INTRA(NB)       INTER(LJ)             LRC     TOTAL_ELECT            REAL           RECIP            SELF            CORR

ENER_0:        0     -1.8611e+07      0.0000e+00      0.0000e+00      2.7480e+05      0.0000e+00     -1.8885e+07     -1.7289e+06      6.9305e+04     -1.7226e+07     -1.0127e+02

STITLE:     STEP        TOTALMOL     TOT_DENSITY

STAT_0:        0             500      6.9252e+02

################################################################################
############################# STARTING SIMULATION ##############################

MTITLE:     STEP   MULTIPARTICLE        MPACCEPT       MPACCEPT%

ETITLE:     STEP           TOTAL        INTRA(B)       INTRA(NB)       INTER(LJ)             LRC     TOTAL_ELECT            REAL           RECIP            SELF            CORR

STITLE:     STEP        TOTALMOL     TOT_DENSITY

MOVE_0:        2               2               0      0.0000e+00

ENER_0:        2     -1.8611e+07      0.0000e+00      0.0000e+00      2.7480e+05      0.0000e+00     -1.8885e+07     -1.7289e+06      6.9305e+04     -1.7226e+07     -1.0127e+02

STAT_0:        2             500      6.9252e+02

Steps/sec:   4.643, Simulation ends in:   0 d:   0 h:   1 m 

MOVE_0:        3               3               0      0.0000e+00

ENER_0:        3     -1.8611e+07      0.0000e+00      0.0000e+00      2.7480e+05      0.0000e+00     -1.8885e+07     -1.7289e+06      6.9305e+04     -1.7226e+07     -1.0127e+02

STAT_0:        3             500      6.9252e+02

Steps/sec:  14.241, Simulation ends in:   0 d:   0 h:   0 m 

MOVE_0:        4               4               0      0.0000e+00

ENER_0:        4     -1.8611e+07      0.0000e+00      0.0000e+00      2.7480e+05      0.0000e+00     -1.8885e+07     -1.7289e+06      6.9305e+04     -1.7226e+07     -1.0127e+02

STAT_0:        4             500      6.9252e+02

Steps/sec:  13.996, Simulation ends in:   0 d:   0 h:   0 m 

MOVE_0:        5               5               1      2.0000e+01

ENER_0:        5     -1.8603e+07      0.0000e+00      0.0000e+00      2.8543e+05      0.0000e+00     -1.8888e+07     -1.7320e+06      6.9455e+04     -1.7226e+07     -1.0127e+02

STAT_0:        5             500      6.9252e+02

Steps/sec:  14.312, Simulation ends in:   0 d:   0 h:   0 m 

MOVE_0:        6               6               1      1.6667e+01

ENER_0:        6     -1.8603e+07      0.0000e+00      0.0000e+00      2.8543e+05      0.0000e+00     -1.8888e+07     -1.7320e+06      6.9455e+04     -1.7226e+07     -1.0127e+02

STAT_0:        6             500      6.9252e+02

Steps/sec:  14.135, Simulation ends in:   0 d:   0 h:   0 m 

MOVE_0:        7               7               2      2.8571e+01

ENER_0:        7     -1.8607e+07      0.0000e+00      0.0000e+00      2.8622e+05      0.0000e+00     -1.8893e+07     -1.7372e+06      6.9941e+04     -1.7226e+07     -1.0127e+02

STAT_0:        7             500      6.9252e+02

Steps/sec:  14.251, Simulation ends in:   0 d:   0 h:   0 m 

MOVE_0:        8               8               3      3.7500e+01

ENER_0:        8     -1.8608e+07      0.0000e+00      0.0000e+00      2.8238e+05      0.0000e+00     -1.8890e+07     -1.7343e+06      6.9759e+04     -1.7226e+07     -1.0127e+02

STAT_0:        8             500      6.9252e+02

Steps/sec:  14.273, Simulation ends in:   0 d:   0 h:   0 m 

MOVE_0:        9               9               3      3.3333e+01

ENER_0:        9     -1.8608e+07      0.0000e+00      0.0000e+00      2.8238e+05      0.0000e+00     -1.8890e+07     -1.7343e+06      6.9759e+04     -1.7226e+07     -1.0127e+02

STAT_0:        9             500      6.9252e+02

Steps/sec:  14.319, Simulation ends in:   0 d:   0 h:   0 m 

MOVE_0:       10              10               3      3.0000e+01

ENER_0:       10     -1.8608e+07      0.0000e+00      0.0000e+00      2.8238e+05      0.0000e+00     -1.8890e+07     -1.7343e+06      6.9759e+04     -1.7226e+07     -1.0127e+02

STAT_0:       10             500      6.9252e+02

Simulation Time (total): 7.8971e-01 sec.

Move Type                Mol. Kind      BOX_0      
% Accepted MultiParticle               30.00000 

Displacement:                            0.0000    sec.
Rotation:                                0.0000    sec.
MultiParticle:                           0.7710    sec.

Info: GOMC Version 2.50
Info: Completed at: Mon Apr 27 08:54:28 2020
Info: On hostname: comet-33-19.sdsc.edu
Finished reading system PDB coordinate file:  	./SPCE_BOX_0_restart.pdb
