Performing C SOURCE FILE Test CMAKE_HAVE_LIBC_PTHREAD failed with the following output:
Change Dir: /home/greg/GOMC/build/CMakeFiles/CMakeTmp

Run Build Command(s):/usr/bin/make cmTC_66bc4/fast && /usr/bin/make  -f CMakeFiles/cmTC_66bc4.dir/build.make CMakeFiles/cmTC_66bc4.dir/build
make[1]: Entering directory '/home/greg/GOMC/build/CMakeFiles/CMakeTmp'
Building C object CMakeFiles/cmTC_66bc4.dir/src.c.o
/usr/bin/cc   -DCMAKE_HAVE_LIBC_PTHREAD -o CMakeFiles/cmTC_66bc4.dir/src.c.o -c /home/greg/GOMC/build/CMakeFiles/CMakeTmp/src.c
Linking C executable cmTC_66bc4
/home/greg/Downloads/cmake-3.18.0-rc3-Linux-x86_64/bin/cmake -E cmake_link_script CMakeFiles/cmTC_66bc4.dir/link.txt --verbose=1
/usr/bin/cc  -DCMAKE_HAVE_LIBC_PTHREAD CMakeFiles/cmTC_66bc4.dir/src.c.o -o cmTC_66bc4 
CMakeFiles/cmTC_66bc4.dir/src.c.o: In function `main':
src.c:(.text+0x3c): undefined reference to `pthread_create'
src.c:(.text+0x48): undefined reference to `pthread_detach'
src.c:(.text+0x54): undefined reference to `pthread_cancel'
src.c:(.text+0x65): undefined reference to `pthread_join'
src.c:(.text+0x79): undefined reference to `pthread_atfork'
collect2: error: ld returned 1 exit status
CMakeFiles/cmTC_66bc4.dir/build.make:105: recipe for target 'cmTC_66bc4' failed
make[1]: *** [cmTC_66bc4] Error 1
make[1]: Leaving directory '/home/greg/GOMC/build/CMakeFiles/CMakeTmp'
Makefile:140: recipe for target 'cmTC_66bc4/fast' failed
make: *** [cmTC_66bc4/fast] Error 2


Source file was:
#include <pthread.h>

void* test_func(void* data)
{
  return data;
}

int main(void)
{
  pthread_t thread;
  pthread_create(&thread, NULL, test_func, NULL);
  pthread_detach(thread);
  pthread_cancel(thread);
  pthread_join(thread, NULL);
  pthread_atfork(NULL, NULL, NULL);
  pthread_exit(NULL);

  return 0;
}

Determining if the function pthread_create exists in the pthreads failed with the following output:
Change Dir: /home/greg/GOMC/build/CMakeFiles/CMakeTmp

Run Build Command(s):/usr/bin/make cmTC_8ba24/fast && /usr/bin/make  -f CMakeFiles/cmTC_8ba24.dir/build.make CMakeFiles/cmTC_8ba24.dir/build
make[1]: Entering directory '/home/greg/GOMC/build/CMakeFiles/CMakeTmp'
Building C object CMakeFiles/cmTC_8ba24.dir/CheckFunctionExists.c.o
/usr/bin/cc   -DCHECK_FUNCTION_EXISTS=pthread_create -o CMakeFiles/cmTC_8ba24.dir/CheckFunctionExists.c.o -c /home/greg/Downloads/cmake-3.18.0-rc3-Linux-x86_64/share/cmake-3.18/Modules/CheckFunctionExists.c
Linking C executable cmTC_8ba24
/home/greg/Downloads/cmake-3.18.0-rc3-Linux-x86_64/bin/cmake -E cmake_link_script CMakeFiles/cmTC_8ba24.dir/link.txt --verbose=1
/usr/bin/cc  -DCHECK_FUNCTION_EXISTS=pthread_create CMakeFiles/cmTC_8ba24.dir/CheckFunctionExists.c.o -o cmTC_8ba24  -lpthreads 
/usr/bin/ld: cannot find -lpthreads
collect2: error: ld returned 1 exit status
CMakeFiles/cmTC_8ba24.dir/build.make:105: recipe for target 'cmTC_8ba24' failed
make[1]: *** [cmTC_8ba24] Error 1
make[1]: Leaving directory '/home/greg/GOMC/build/CMakeFiles/CMakeTmp'
Makefile:140: recipe for target 'cmTC_8ba24/fast' failed
make: *** [cmTC_8ba24/fast] Error 2



